START 1568518089.76639260 
 NOTE : will try to allocate 536870912 bytes of memory.
      : we will use an init allocation of 262144 bytes.
      : with a delta memory allocation of 262144 bytes.
      : Allocated      8 MB    1568518092.298815917    3222176657
      : Allocated     16 MB    1568518102.385917059    1497166550
      : Allocated     24 MB    1568518119.386167197    4115348250
      : Allocated     32 MB    1568518143.315875449    2454871772
      : Allocated     40 MB    1568518174.176046088    795399567
      : Allocated     48 MB    1568518211.970723049    3434938593
      : Allocated     56 MB    1568518256.636055165    1715659156
      : Allocated     64 MB    1568518308.247479101    71816384
      : Allocated     72 MB    1568518366.747784471    2665730522
      : Allocated     80 MB    1568518432.172134592    999840681
      : Allocated     88 MB    1568518504.739073223    3847461895
      : Allocated     96 MB    1568518584.41353649     1992869098
      : Allocated    104 MB    1568518670.274967221    334267652
      : Allocated    112 MB    1568518763.370541859    2901261422
      : Allocated    120 MB    1568518863.373970373    1219180706
      : Allocated    128 MB    1568518970.308629523    3855444046
      : Allocated    136 MB    1568519084.175446058    2197666839
      : Allocated    144 MB    1568519204.967004531    532474185
      : Allocated    152 MB    1568519332.690853225    3169797110
      : Allocated    160 MB    1568519467.332533302    1497693901
      : Allocated    168 MB    1568519608.916702543    4145215769
      : Allocated    176 MB    1568519757.412048897    2466458290
      : Allocated    184 MB    1568519912.830087232    799215679
      : Allocated    192 MB    1568520075.180064252    3436187068
      : Allocated    200 MB    1568520244.447736184    1763947388
      : Allocated    208 MB    1568520420.627729983    86334663
      : Allocated    216 MB    1568520603.750741377    2734384962
      : Allocated    224 MB    1568520793.778864849    1049562448
      : Allocated    232 MB    1568520990.744071845    3691678676
      : Allocated    240 MB    1568521194.665448828    2057914071
      : Allocated    248 MB    1568521405.488050488    369204156
      : Allocated    256 MB    1568521623.253029334    3016614046
      : Allocated    264 MB    1568521847.958553230    1367224504
      : Allocated    272 MB    1568522079.555422897    3963602979
      : Allocated    280 MB    1568522318.79635875     2301011698
      : Allocated    288 MB    1568522563.521240902    628469155
      : Allocated    296 MB    1568522815.886451264    3257107194
      : Allocated    304 MB    1568523075.187038760    1602549736
      : Allocated    312 MB    1568523341.462452134    4282408318
      : Allocated    320 MB    1568523614.625813014    2580421232
      : Allocated    328 MB    1568523894.718607273    919920019
      : Allocated    336 MB    1568524181.882635449    3696186640
      : Allocated    344 MB    1568524475.898378714    1957967137
      : Allocated    352 MB    1568524777.129467835    583378401
      : Allocated    360 MB    1568525085.291745773    3219599922
      : Allocated    368 MB    1568525400.343430506    1519072125
      : Allocated    376 MB    1568525722.170748390    3999737980
      : Allocated    384 MB    1568526051.3326007      2415063121
      : Allocated    392 MB    1568526386.807414627    796639532
      : Allocated    400 MB    1568526729.440341598    3330510587
      : Allocated    408 MB    1568527079.31443543     1698750969
      : Allocated    416 MB    1568527435.635358323    121629212
      : Allocated    424 MB    1568527799.130491341    2717880154
      : Allocated    432 MB    1568528169.572857153    1075178356
      : Allocated    440 MB    1568528546.973084019    3738072114
      : Allocated    448 MB    1568528933.680189907    160049248
      : Allocated    456 MB    1568529324.925132339    402918496
      : Allocated    464 MB    1568529723.106637192    3044513621
      : Allocated    472 MB    1568530128.42665866     1209102850
      : Allocated    480 MB    1568530541.324728585    965202303
      : Allocated    488 MB    1568530960.224500371    2287944074
      : Allocated    496 MB    1568531385.590980996    164718321
      : Allocated    504 MB    1568531817.224873474    2137162878
      : Allocated    512 MB    1568532255.364570831    53033165
FINAL : Allocated 536870912 bytes
END   1568532255.415376762
DELTA 1536595294
TOTAL 1485789363
real 14166.38
user 11037.27
sys 3121.78
