esther$ /usr/bin/time -p ./maxalloc 536870912 1048576 1048576 
START 1568536537.25190285 
 NOTE : will try to allocate 536870912 bytes of memory.
      : we will use an init allocation of 1048576 bytes.
      : with a delta memory allocation of 1048576 bytes.
      : Allocated      8 MB    1568536537.694108420    668918135
      : Allocated     16 MB    1568536539.903483076    2209374656
      : Allocated     24 MB    1568536543.416342720    3512859644
      : Allocated     32 MB    1568536548.694927758    5278585038
      : Allocated     40 MB    1568536555.493631913    6798704155
      : Allocated     48 MB    1568536563.776201277    8282569364
      : Allocated     56 MB    1568536573.10024498     9233823221
      : Allocated     64 MB    1568536583.379469758    10369445260
      : Allocated     72 MB    1568536595.203692485    11824222727
      : Allocated     80 MB    1568536608.322689650    13118997165
      : Allocated     88 MB    1568536623.171395041    14848705391
      : Allocated     96 MB    1568536639.890964719    16719569678
      : Allocated    104 MB    1568536657.795387047    17904422328
      : Allocated    112 MB    1568536676.993079353    19197692306
      : Allocated    120 MB    1568536698.85309052     21092229699
      : Allocated    128 MB    1568536720.551920183    22466611131
      : Allocated    136 MB    1568536752.625511767    32073591584
      : Allocated    144 MB    1568537069.124989038    316499477271
      : Allocated    152 MB    1568537455.461714375    386336725337
      : Allocated    160 MB    1568538011.512678452    556050964077
      : Allocated    168 MB    1568538540.498896540    528986218088
      : Allocated    176 MB    1568539328.897974567    788399078027
      : Allocated    184 MB    1568539981.976402522    653078427955
      : Allocated    192 MB    1568540691.613293560    709636891038
      : Allocated    200 MB    1568541390.858437051    699245143491
      : Allocated    208 MB    1568542118.974030197    728115593146
      : Allocated    216 MB    1568542936.165644071    817191613874
      : Allocated    224 MB    1568543716.192023850    780026379779
      : Allocated    232 MB    1568544574.231486649    858039462799
      : Allocated    240 MB    1568545469.79620068     894848133419
      : Allocated    248 MB    1568546398.350636416    929271016348
      : Allocated    256 MB    1568547305.85618316     906734981900
      : Allocated    264 MB    1568548279.154434404    974068816088
      : Allocated    272 MB    1568549301.472714188    1022318279784
      : Allocated    280 MB    1568550277.541406292    976068692104
      : Allocated    288 MB    1568551292.915413513    1015374007221
      : Allocated    296 MB    1568552431.825005608    1138909592095
      : Allocated    304 MB    1568553547.890941851    1116065936243
      : Allocated    312 MB    1568554728.703883381    1180812941530
      : Allocated    320 MB    1568555967.368438692    1238664555311
      : Allocated    328 MB    1568557190.938567088    1223570128396
      : Allocated    336 MB    1568558474.292077316    1283353510228
      : Allocated    344 MB    1568559776.757856853    1302465779537
      : Allocated    352 MB    1568561085.860029816    1309102172963
      : Allocated    360 MB    1568562439.233163204    1353373133388
      : Allocated    368 MB    1568563807.871703279    1368638540075
      : Allocated    376 MB    1568565224.334664253    1416462960974
      : Allocated    384 MB    1568566663.325287134    1438990622881
      : Allocated    392 MB    1568568134.213248645    1470887961511
      : Allocated    400 MB    1568569670.598061332    1536384812687
      : Allocated    408 MB    1568571239.748846472    1569150785140
      : Allocated    416 MB    1568572826.217648725    1586468802253
      : Allocated    424 MB    1568574482.857837666    1656640188941
      : Allocated    432 MB    1568576153.912349301    1671054511635
      : Allocated    440 MB    1568577792.919671550    1639007322249
      : Allocated    448 MB    1568579587.434565267    1794514893717
      : Allocated    456 MB    1568581222.811575537    1635377010270
      : Allocated    464 MB    1568582865.831869697    1643020294160
      : Allocated    472 MB    1568584521.929283680    1656097413983
      : Allocated    480 MB    1568586180.823191391    1658893907711
      : Allocated    488 MB    1568587875.631747276    1694808555885
      : Allocated    496 MB    1568589650.626601289    1774994854013
      : Allocated    504 MB    1568591431.453833704    1780827232415
      : Allocated    512 MB    1568593544.767982244    2113314148540
FINAL : Allocated 536870912 bytes
END   1568593545.533576884
DELTA 57008508386599
TOTAL 57007742791959
real 57008.58
user 1123.28
sys 19700.63
