START 1568518370.57548861 
 NOTE : will try to allocate 536870912 bytes of memory.
      : we will use an init allocation of 262144 bytes.
      : with a delta memory allocation of 262144 bytes.
      : Allocated      8 MB    1568518370.106221248    48672387
      : Allocated     16 MB    1568518370.200621717    94400469
      : Allocated     24 MB    1568518370.353017777    152396060
      : Allocated     32 MB    1568518370.566094775    213076998
      : Allocated     40 MB    1568518370.833538034    267443259
      : Allocated     48 MB    1568518371.154049205    320511171
      : Allocated     56 MB    1568518371.528762121    374712916
      : Allocated     64 MB    1568518371.954189852    425427731
      : Allocated     72 MB    1568518372.430781287    476591435
      : Allocated     80 MB    1568518372.960803736    530022449
      : Allocated     88 MB    1568518373.543749796    582946060
      : Allocated     96 MB    1568518374.180572701    636822905
      : Allocated    104 MB    1568518374.871206844    690634143
      : Allocated    112 MB    1568518375.614042429    742835585
      : Allocated    120 MB    1568518376.411325534    797283105
      : Allocated    128 MB    1568518377.263669554    852344020
      : Allocated    136 MB    1568518378.166812210    903142656
      : Allocated    144 MB    1568518379.123350111    956537901
      : Allocated    152 MB    1568518380.133156135    1009806024
      : Allocated    160 MB    1568518381.203981343    1070825208
      : Allocated    168 MB    1568518382.324230720    1120249377
      : Allocated    176 MB    1568518383.494022592    1169791872
      : Allocated    184 MB    1568518384.718636816    1224614224
      : Allocated    192 MB    1568518385.995725071    1277088255
      : Allocated    200 MB    1568518387.327737314    1332012243
      : Allocated    208 MB    1568518388.710119322    1382382008
      : Allocated    216 MB    1568518390.146037353    1435918031
      : Allocated    224 MB    1568518391.637685298    1491647945
      : Allocated    232 MB    1568518393.179852086    1542166788
      : Allocated    240 MB    1568518394.775290573    1595438487
      : Allocated    248 MB    1568518396.424347182    1649056609
      : Allocated    256 MB    1568518398.131850527    1707503345
      : Allocated    264 MB    1568518399.887991019    1756140492
      : Allocated    272 MB    1568518401.702050713    1814059694
      : Allocated    280 MB    1568518403.564736058    1862685345
      : Allocated    288 MB    1568518405.480826455    1916090397
      : Allocated    296 MB    1568518407.455032689    1974206234
      : Allocated    304 MB    1568518409.477739125    2022706436
      : Allocated    312 MB    1568518411.555945422    2078206297
      : Allocated    320 MB    1568518413.685873120    2129927698
      : Allocated    328 MB    1568518415.870056716    2184183596
      : Allocated    336 MB    1568518418.108031720    2237975004
      : Allocated    344 MB    1568518420.396789354    2288757634
      : Allocated    352 MB    1568518422.741258857    2344469503
      : Allocated    360 MB    1568518425.137276549    2396017692
      : Allocated    368 MB    1568518427.590633649    2453357100
      : Allocated    376 MB    1568518430.93055244     2502421595
      : Allocated    384 MB    1568518432.652574502    2559519258
      : Allocated    392 MB    1568518435.262402417    2609827915
      : Allocated    400 MB    1568518437.929225720    2666823303
      : Allocated    408 MB    1568518440.645102267    2715876547
      : Allocated    416 MB    1568518443.422836696    2777734429
      : Allocated    424 MB    1568518446.245008568    2822171872
      : Allocated    432 MB    1568518449.125121390    2880112822
      : Allocated    440 MB    1568518452.58036983     2932915593
      : Allocated    448 MB    1568518455.40639970     2982602987
      : Allocated    456 MB    1568518458.82854733     3042214763
      : Allocated    464 MB    1568518461.171745438    3088890705
      : Allocated    472 MB    1568518464.317115755    3145370317
      : Allocated    480 MB    1568518467.517262920    3200147165
      : Allocated    488 MB    1568518470.767101823    3249838903
      : Allocated    496 MB    1568518474.73587986     3306486163
      : Allocated    504 MB    1568518477.434245161    3360657175
      : Allocated    512 MB    1568518480.843940828    3409695667
FINAL : Allocated 536870912 bytes
END   1568518480.845150793
DELTA 110787601932
TOTAL 110786391967
real 110.78
user 80.98
sys 29.80
