arm7$ /usr/bin/time -p ./maxalloc 536870912 262144 262144 2>&1
START 1568524479.17390349 
 NOTE : will try to allocate 536870912 bytes of memory.
      : we will use an init allocation of 262144 bytes.
      : with a delta memory allocation of 262144 bytes.
      : Allocated      8 MB    1568524479.390898006    373507657
      : Allocated     16 MB    1568524480.182930123    792032117
      : Allocated     24 MB    1568524481.346343644    1163413521
      : Allocated     32 MB    1568524482.875369098    1529025454
      : Allocated     40 MB    1568524484.771655572    1896286474
      : Allocated     48 MB    1568524487.33894357     2262238785
      : Allocated     56 MB    1568524489.656586357    2622692000
      : Allocated     64 MB    1568524492.643509249    2986922892
      : Allocated     72 MB    1568524495.994825492    3351316243
      : Allocated     80 MB    1568524499.708878709    3714053217
      : Allocated     88 MB    1568524503.786909363    4078030654
      : Allocated     96 MB    1568524508.226129114    4439219751
      : Allocated    104 MB    1568524513.27548009     4801418895
      : Allocated    112 MB    1568524518.202968949    5175420940
      : Allocated    120 MB    1568524523.742891750    5539922801
      : Allocated    128 MB    1568524529.634269843    5891378093
      : Allocated    136 MB    1568524535.892789972    6258520129
      : Allocated    144 MB    1568524542.511926376    6619136404
      : Allocated    152 MB    1568524549.494589313    6982662937
      : Allocated    160 MB    1568524556.838926114    7344336801
      : Allocated    168 MB    1568524564.547534663    7708608549
      : Allocated    176 MB    1568524572.620541254    8073006591
      : Allocated    184 MB    1568524581.66634659     8446093405
      : Allocated    192 MB    1568524589.878814281    8812179622
      : Allocated    200 MB    1568524599.45231432     9166417151
      : Allocated    208 MB    1568524608.579241852    9534010420
      : Allocated    216 MB    1568524618.484104342    9904862490
      : Allocated    224 MB    1568524628.757584442    10273480100
      : Allocated    232 MB    1568524639.385809586    10628225144
      : Allocated    240 MB    1568524650.378761505    10992951919
      : Allocated    248 MB    1568524661.743117925    11364356420
      : Allocated    256 MB    1568524673.471525919    11728407994
      : Allocated    264 MB    1568524685.567291831    12095765912
      : Allocated    272 MB    1568524698.11205288     12443913457
      : Allocated    280 MB    1568524710.821168251    12809962963
      : Allocated    288 MB    1568524723.997612974    13176444723
      : Allocated    296 MB    1568524737.536661746    13539048772
      : Allocated    304 MB    1568524751.442906579    13906244833
      : Allocated    312 MB    1568524765.714016473    14271109894
      : Allocated    320 MB    1568524780.359219787    14645203314
      : Allocated    328 MB    1568524795.365812080    15006592293
      : Allocated    336 MB    1568524810.731796894    15365984814
      : Allocated    344 MB    1568524826.459201029    15727404135
      : Allocated    352 MB    1568524842.553590962    16094389933
      : Allocated    360 MB    1568524859.24331550     16470740588
      : Allocated    368 MB    1568524875.871128799    16846797249
      : Allocated    376 MB    1568524893.62210517     17191081718
      : Allocated    384 MB    1568524910.642211143    17580000626
      : Allocated    392 MB    1568524928.569536297    17927325154
      : Allocated    400 MB    1568524946.857113263    18287576966
      : Allocated    408 MB    1568524965.523387670    18666274407
      : Allocated    416 MB    1568524984.555928955    19032541285
      : Allocated    424 MB    1568525003.941082718    19385153763
      : Allocated    432 MB    1568525023.703653519    19762570801
      : Allocated    440 MB    1568525043.826875159    20123221640
      : Allocated    448 MB    1568525064.312729233    20485854074
      : Allocated    456 MB    1568525085.169938347    20857209114
      : Allocated    464 MB    1568525106.404419856    21234481509
      : Allocated    472 MB    1568525127.992425044    21588005188
      : Allocated    480 MB    1568525149.956549385    21964124341
      : Allocated    488 MB    1568525172.286024235    22329474850
      : Allocated    496 MB    1568525194.997077678    22711053443
      : Allocated    504 MB    1568525218.58111649     23061033971
      : Allocated    512 MB    1568525241.488203531    23430091882
FINAL : Allocated 536870912 bytes
END   1568525241.534691513
DELTA 762517301164
TOTAL 762470813182
real 762.52
user 387.26
sys 374.89
