START 1568518662.550454326
 NOTE : will try to allocate 536870912 bytes of memory.
      : we will use an init allocation of 262144 bytes.
      : with a delta memory allocation of 262144 bytes.
      : Allocated      8 MB    1568518662.627456821    77002495
      : Allocated     16 MB    1568518662.825815668    198358847
      : Allocated     24 MB    1568518663.186602055    360786387
      : Allocated     32 MB    1568518663.690410839    503808784
      : Allocated     40 MB    1568518664.342276948    651866109
      : Allocated     48 MB    1568518665.141232533    798955585
      : Allocated     56 MB    1568518666.88366303     947133770
      : Allocated     64 MB    1568518667.198215178    1109848875
      : Allocated     72 MB    1568518668.434007137    1235791959
      : Allocated     80 MB    1568518669.812622775    1378615638
      : Allocated     88 MB    1568518671.341388375    1528765600
      : Allocated     96 MB    1568518673.13776687     1672388312
      : Allocated    104 MB    1568518674.847549418    1833772731
      : Allocated    112 MB    1568518676.824287537    1976738119
      : Allocated    120 MB    1568518678.897558384    2073270847
      : Allocated    128 MB    1568518681.94398666     2196840282
      : Allocated    136 MB    1568518683.438591507    2344192841
      : Allocated    144 MB    1568518685.992673665    2554082158
      : Allocated    152 MB    1568518688.698883986    2706210321
      : Allocated    160 MB    1568518691.592819064    2893935078
      : Allocated    168 MB    1568518694.590760713    2997941649
      : Allocated    176 MB    1568518697.589437439    2998676726
      : Allocated    184 MB    1568518700.736455367    3147017928
      : Allocated    192 MB    1568518704.49261693     3312806326
      : Allocated    200 MB    1568518707.612730309    3563468616
      : Allocated    208 MB    1568518711.408108226    3795377917
      : Allocated    216 MB    1568518715.360699061    3952590835
      : Allocated    224 MB    1568518719.523007342    4162308281
      : Allocated    232 MB    1568518723.775185039    4252177697
      : Allocated    240 MB    1568518727.937442183    4162257144
      : Allocated    248 MB    1568518732.289097022    4351654839
      : Allocated    256 MB    1568518736.709640644    4420543622
      : Allocated    264 MB    1568518741.294655135    4585014491
      : Allocated    272 MB    1568518746.91710583     4797055448
      : Allocated    280 MB    1568518751.358923095    5267212512
      : Allocated    288 MB    1568518756.597145492    5238222397
      : Allocated    296 MB    1568518762.98473574     5501328082
      : Allocated    304 MB    1568518767.620170967    5521697393
      : Allocated    312 MB    1568518773.45342593     5425171626
      : Allocated    320 MB    1568518778.863032674    5817690081
      : Allocated    328 MB    1568518784.592226859    5729194185
      : Allocated    336 MB    1568518790.430396742    5838169883
      : Allocated    344 MB    1568518796.411246822    5980850080
      : Allocated    352 MB    1568518802.513147145    6101900323
      : Allocated    360 MB    1568518808.768251238    6255104093
      : Allocated    368 MB    1568518815.163657919    6395406681
      : Allocated    376 MB    1568518821.670556258    6506898339
      : Allocated    384 MB    1568518828.374769014    6704212756
      : Allocated    392 MB    1568518835.211201425    6836432411
      : Allocated    400 MB    1568518842.205680758    6994479333
      : Allocated    408 MB    1568518849.451480989    7245800231
      : Allocated    416 MB    1568518857.108483936    7657002947
      : Allocated    424 MB    1568518864.495582744    7387098808
      : Allocated    432 MB    1568518872.20987412     7525404668
      : Allocated    440 MB    1568518879.662481626    7641494214
      : Allocated    448 MB    1568518887.463696083    7801214457
      : Allocated    456 MB    1568518895.382706361    7919010278
      : Allocated    464 MB    1568518904.30505279     8647798918
      : Allocated    472 MB    1568518912.890548929    8860043650
      : Allocated    480 MB    1568518921.686334031    8795785102
      : Allocated    488 MB    1568518930.938078254    9251744223
      : Allocated    496 MB    1568518940.258840439    9320762185
      : Allocated    504 MB    1568518949.698109909    9439269470
      : Allocated    512 MB    1568518958.720464106    9022354197
FINAL : Allocated 536870912 bytes
END   1568518958.741688721
DELTA 296191234395
TOTAL 296170009780
real 296.19
user 120.21
sys 168.05
