hydra$ /usr/bin/time -p ./maxalloc 536870912 262144 262144 2>&1
START 1568520463.297938453
 NOTE : will try to allocate 536870912 bytes of memory.
      : we will use an init allocation of 262144 bytes.
      : with a delta memory allocation of 262144 bytes.
      : Allocated      8 MB    1568520463.710918928    412980475
      : Allocated     16 MB    1568520464.919114557    1208195629
      : Allocated     24 MB    1568520466.978839330    2059724773
      : Allocated     32 MB    1568520469.796007978    2817168648
      : Allocated     40 MB    1568520473.612470174    3816462196
      : Allocated     48 MB    1568520478.113437976    4500967802
      : Allocated     56 MB    1568520483.439004480    5325566504
      : Allocated     64 MB    1568520489.586033639    6147029159
      : Allocated     72 MB    1568520496.961692393    7375658754
      : Allocated     80 MB    1568520504.770322447    7808630054
      : Allocated     88 MB    1568520513.540272865    8769950418
      : Allocated     96 MB    1568520522.973284583    9433011718
      : Allocated    104 MB    1568520533.385454178    10412169595
      : Allocated    112 MB    1568520544.471978711    11086524533
      : Allocated    120 MB    1568520556.519857899    12047879188
      : Allocated    128 MB    1568520569.238988856    12719130957
      : Allocated    136 MB    1568520583.749843083    14510854227
      : Allocated    144 MB    1568520598.436370750    14686527667
      : Allocated    152 MB    1568520613.788242210    15351871460
      : Allocated    160 MB    1568520629.792301490    16004059280
      : Allocated    168 MB    1568520647.100028153    17307726663
      : Allocated    176 MB    1568520665.85911608     17985883455
      : Allocated    184 MB    1568520683.713477966    18627566358
      : Allocated    192 MB    1568520703.4864673      19291386707
      : Allocated    200 MB    1568520723.596829842    20591965169
      : Allocated    208 MB    1568520744.871124291    21274294449
      : Allocated    216 MB    1568520766.802594470    21931470179
      : Allocated    224 MB    1568520789.371856080    22569261610
      : Allocated    232 MB    1568520813.259493073    23887636993
      : Allocated    240 MB    1568520837.815947114    24556454041
      : Allocated    248 MB    1568520863.37209488     25221262374
      : Allocated    256 MB    1568520888.996081721    25958872233
      : Allocated    264 MB    1568520917.905439155    28909357434
      : Allocated    272 MB    1568520946.497942303    28592503148
      : Allocated    280 MB    1568520975.757479725    29259537422
      : Allocated    288 MB    1568521005.654622300    29897142575
      : Allocated    296 MB    1568521036.203593188    30548970888
      : Allocated    304 MB    1568521067.431038363    31227445175
      : Allocated    312 MB    1568521099.311240107    31880201744
      : Allocated    320 MB    1568521131.850705693    32539465586
      : Allocated    328 MB    1568521167.521384726    35670679033
      : Allocated    336 MB    1568521202.668203506    35146818780
      : Allocated    344 MB    1568521238.471986373    35803782867
      : Allocated    352 MB    1568521274.941871288    36469884915
      : Allocated    360 MB    1568521312.54366905     37112495617
      : Allocated    368 MB    1568521349.833536901    37779169996
      : Allocated    376 MB    1568521389.103277       39166566376
      : Allocated    384 MB    1568521428.94341647     39094238370
      : Allocated    392 MB    1568521470.428347555    42334005908
      : Allocated    400 MB    1568521512.35894674     41607547119
      : Allocated    408 MB    1568521554.321334207    42285439533
      : Allocated    416 MB    1568521597.273185883    42951851676
      : Allocated    424 MB    1568521640.845588133    43572402250
      : Allocated    432 MB    1568521685.90132837     44244544704
      : Allocated    440 MB    1568521730.9095949      44918963112
      : Allocated    448 MB    1568521775.562480105    45553384156
      : Allocated    456 MB    1568521824.699475602    49136995497
      : Allocated    464 MB    1568521872.910731204    48211255602
      : Allocated    472 MB    1568521921.765369883    48854638679
      : Allocated    480 MB    1568521971.257226076    49491856193
      : Allocated    488 MB    1568522021.436434972    50179208896
      : Allocated    496 MB    1568522072.261122325    50824687353
      : Allocated    504 MB    1568522125.332707016    53071584691
      : Allocated    512 MB    1568522177.485436225    52152729209
FINAL : Allocated 536870912 bytes
END   1568522177.813188501
DELTA 1714515250048
TOTAL 1714187497772
real 1716.20
user 1703.30
sys 10.65
