vesta$ ./maxalloc 1073741824 1048576 1048576
START 1568433398.332069400
 NOTE : will try to allocate 1073741824 bytes of memory.
      : we will use an init allocation of 1048576 bytes.
      : with a delta memory allocation of 1048576 bytes.
      : Allocated      8 MB    1568433398.377703972    45634572
      : Allocated     16 MB    1568433398.505817334    128113362
      : Allocated     24 MB    1568433398.674376594    168559260
      : Allocated     32 MB    1568433398.847422492    173045898
      : Allocated     40 MB    1568433399.72766526     225344034
      : Allocated     48 MB    1568433399.372028470    299261944
      : Allocated     56 MB    1568433399.698531320    326502850
      : Allocated     64 MB    1568433400.75023370     376492050
      : Allocated     72 MB    1568433400.502397533    427374163
      : Allocated     80 MB    1568433400.974675517    472277984
      : Allocated     88 MB    1568433401.540287014    565611497
      : Allocated     96 MB    1568433402.121704928    581417914
      : Allocated    104 MB    1568433402.751364605    629659677
      : Allocated    112 MB    1568433403.431893465    680528860
      : Allocated    120 MB    1568433404.163061266    731167801
      : Allocated    128 MB    1568433404.944920927    781859661
      : Allocated    136 MB    1568433405.775959880    831038953
      : Allocated    144 MB    1568433406.658363752    882403872
      : Allocated    152 MB    1568433407.593004360    934640608
      : Allocated    160 MB    1568433408.572849772    979845412
      : Allocated    168 MB    1568433409.678591370    1105741598
      : Allocated    176 MB    1568433410.752535854    1073944484
      : Allocated    184 MB    1568433411.887545641    1135009787
      : Allocated    192 MB    1568433413.76254647     1188709006
      : Allocated    200 MB    1568433414.303335625    1227080978
      : Allocated    208 MB    1568433415.584716448    1281380823
      : Allocated    216 MB    1568433416.915648695    1330932247
      : Allocated    224 MB    1568433418.296717589    1381068894
      : Allocated    232 MB    1568433419.713960782    1417243193
      : Allocated    240 MB    1568433421.199883651    1485922869
      : Allocated    248 MB    1568433422.709520551    1509636900
      : Allocated    256 MB    1568433424.277368281    1567847730
      : Allocated    264 MB    1568433425.891467775    1614099494
      : Allocated    272 MB    1568433427.578493447    1687025672
      : Allocated    280 MB    1568433429.317549283    1739055836
      : Allocated    288 MB    1568433431.64827212     1747277929
      : Allocated    296 MB    1568433432.860652639    1795825427
      : Allocated    304 MB    1568433434.705905516    1845252877
      : Allocated    312 MB    1568433436.596853934    1890948418
      : Allocated    320 MB    1568433438.554576420    1957722486
      : Allocated    328 MB    1568433440.793415843    2238839423
      : Allocated    336 MB    1568433442.843661955    2050246112
      : Allocated    344 MB    1568433444.936608224    2092946269
      : Allocated    352 MB    1568433447.72700828     2136092604
      : Allocated    360 MB    1568433449.308454807    2235753979
      : Allocated    368 MB    1568433451.610123547    2301668740
      : Allocated    376 MB    1568433453.947786054    2337662507
      : Allocated    384 MB    1568433456.327515850    2379729796
      : Allocated    392 MB    1568433458.750421639    2422905789
      : Allocated    400 MB    1568433461.242178692    2491757053
      : Allocated    408 MB    1568433463.779739957    2537561265
      : Allocated    416 MB    1568433466.359717618    2579977661
      : Allocated    424 MB    1568433468.975109264    2615391646
      : Allocated    432 MB    1568433471.672335588    2697226324
      : Allocated    440 MB    1568433474.400488665    2728153077
      : Allocated    448 MB    1568433477.180503177    2780014512
      : Allocated    456 MB    1568433479.962762008    2782258831
      : Allocated    464 MB    1568433482.832689204    2869927196
      : Allocated    472 MB    1568433485.770308774    2937619570
      : Allocated    480 MB    1568433488.746889460    2976580686
      : Allocated    488 MB    1568433491.783993026    3037103566
      : Allocated    496 MB    1568433494.888154481    3104161455
      : Allocated    504 MB    1568433498.38691714     3150537233
      : Allocated    512 MB    1568433501.193903982    3155212268
      : Allocated    520 MB    1568433504.370320858    3176416876
      : Allocated    528 MB    1568433507.609215504    3238894646
      : Allocated    536 MB    1568433510.883561918    3274346414
      : Allocated    544 MB    1568433514.266296271    3382734353
      : Allocated    552 MB    1568433517.683400945    3417104674
      : Allocated    560 MB    1568433521.167811896    3484410951
      : Allocated    568 MB    1568433524.694538504    3526726608
      : Allocated    576 MB    1568433528.283099483    3588560979
      : Allocated    584 MB    1568433531.908018472    3624918989
      : Allocated    592 MB    1568433535.612381550    3704363078
      : Allocated    600 MB    1568433539.351063786    3738682236
      : Allocated    608 MB    1568433543.111470890    3760407104
      : Allocated    616 MB    1568433546.937819830    3826348940
      : Allocated    624 MB    1568433550.843059407    3905239577
      : Allocated    632 MB    1568433554.766304183    3923244776
      : Allocated    640 MB    1568433558.746423133    3980118950
      : Allocated    648 MB    1568433563.57885061     4311461928
      : Allocated    656 MB    1568433567.92946170     4035061109
      : Allocated    664 MB    1568433571.271764386    4178818216
      : Allocated    672 MB    1568433575.471592956    4199828570
      : Allocated    680 MB    1568433579.752633943    4281040987
      : Allocated    688 MB    1568433584.48671249     4296037306
      : Allocated    696 MB    1568433588.404780024    4356108775
      : Allocated    704 MB    1568433592.750487972    4345707948
      : Allocated    712 MB    1568433597.214323245    4463835273
      : Allocated    720 MB    1568433601.722453040    4508129795
      : Allocated    728 MB    1568433606.190590412    4468137372
      : Allocated    736 MB    1568433610.743955860    4553365448
      : Allocated    744 MB    1568433615.373850888    4629895028
      : Allocated    752 MB    1568433620.75812992     4701962104
      : Allocated    760 MB    1568433624.827969321    4752156329
      : Allocated    768 MB    1568433629.653262262    4825292941
      : Allocated    776 MB    1568433634.533431789    4880169527
      : Allocated    784 MB    1568433639.446988959    4913557170
      : Allocated    792 MB    1568433644.362737033    4915748074
      : Allocated    800 MB    1568433649.360620389    4997883356
      : Allocated    808 MB    1568433654.447275830    5086655441
      : Allocated    816 MB    1568433659.558165535    5110889705
      : Allocated    824 MB    1568433664.718749542    5160584007
      : Allocated    832 MB    1568433669.898433308    5179683766
      : Allocated    840 MB    1568433675.144205996    5245772688
      : Allocated    848 MB    1568433680.345619867    5201413871
      : Allocated    856 MB    1568433685.614506929    5268887062
      : Allocated    864 MB    1568433690.942905678    5328398749
      : Allocated    872 MB    1568433696.346421704    5403516026
      : Allocated    880 MB    1568433701.857198104    5510776400
      : Allocated    888 MB    1568433707.423348580    5566150476
      : Allocated    896 MB    1568433713.4214060      5580865480
      : Allocated    904 MB    1568433718.627375673    5623161613
      : Allocated    912 MB    1568433724.325342753    5697967080
      : Allocated    920 MB    1568433730.94338249     5768995496
      : Allocated    928 MB    1568433735.799214920    5704876671
      : Allocated    936 MB    1568433741.532105428    5732890508
      : Allocated    944 MB    1568433747.321155667    5789050239
      : Allocated    952 MB    1568433753.195813417    5874657750
      : Allocated    960 MB    1568433759.183996133    5988182716
      : Allocated    968 MB    1568433765.127745021    5943748888
      : Allocated    976 MB    1568433771.150672340    6022927319
      : Allocated    984 MB    1568433777.298797930    6148125590
      : Allocated    992 MB    1568433783.487858076    6189060146
      : Allocated   1000 MB    1568433789.646673855    6158815779
      : Allocated   1008 MB    1568433796.113153042    6466479187
      : Allocated   1016 MB    1568433802.489151133    6375998091
      : Allocated   1024 MB    1568433808.911481554    6422330421
FINAL : Allocated 1073741824 bytes
END   1568433808.911514784
