vesta$ /usr/bin/time -p ./maxalloc 536870912 262144 262144
START 1568519254.642165651
 NOTE : will try to allocate 536870912 bytes of memory.
      : we will use an init allocation of 262144 bytes.
      : with a delta memory allocation of 262144 bytes.
      : Allocated      8 MB    1568519254.788646838    146481187
      : Allocated     16 MB    1568519255.202056795    413409957
      : Allocated     24 MB    1568519255.718656620    516599825
      : Allocated     32 MB    1568519256.428981683    710325063
      : Allocated     40 MB    1568519257.361555831    932574148
      : Allocated     48 MB    1568519258.472391899    1110836068
      : Allocated     56 MB    1568519259.788903247    1316511348
      : Allocated     64 MB    1568519261.276305606    1487402359
      : Allocated     72 MB    1568519263.538940       1724233334
      : Allocated     80 MB    1568519264.928327150    1927788210
      : Allocated     88 MB    1568519267.32688385     2104361235
      : Allocated     96 MB    1568519269.314468264    2281779879
      : Allocated    104 MB    1568519271.849179874    2534711610
      : Allocated    112 MB    1568519274.588642619    2739462745
      : Allocated    120 MB    1568519277.536611807    2947969188
      : Allocated    128 MB    1568519280.683531699    3146919892
      : Allocated    136 MB    1568519284.61924212     3378392513
      : Allocated    144 MB    1568519287.586481851    3524557639
      : Allocated    152 MB    1568519291.336921341    3750439490
      : Allocated    160 MB    1568519295.240923641    3904002300
      : Allocated    168 MB    1568519299.357218088    4116294447
      : Allocated    176 MB    1568519303.674678827    4317460739
      : Allocated    184 MB    1568519308.193571398    4518892571
      : Allocated    192 MB    1568519312.949067053    4755495655
      : Allocated    200 MB    1568519317.904104195    4955037142
      : Allocated    208 MB    1568519323.79955227     5175851032
      : Allocated    216 MB    1568519328.409828751    5329873524
      : Allocated    224 MB    1568519333.951324138    5541495387
      : Allocated    232 MB    1568519339.593894910    5642570772
      : Allocated    240 MB    1568519345.540557135    5946662225
      : Allocated    248 MB    1568519351.669130656    6128573521
      : Allocated    256 MB    1568519358.73770015     6404639359
      : Allocated    264 MB    1568519364.892531501    6818761486
      : Allocated    272 MB    1568519371.681938311    6789406810
      : Allocated    280 MB    1568519378.663190590    6981252279
      : Allocated    288 MB    1568519385.716901161    7053710571
      : Allocated    296 MB    1568519393.114196496    7397295335
      : Allocated    304 MB    1568519400.722752123    7608555627
      : Allocated    312 MB    1568519408.491668256    7768916133
      : Allocated    320 MB    1568519416.475001305    7983333049
      : Allocated    328 MB    1568519424.719861978    8244860673
      : Allocated    336 MB    1568519433.30870980     8311009002
      : Allocated    344 MB    1568519441.537378683    8506507703
      : Allocated    352 MB    1568519450.266453654    8729074971
      : Allocated    360 MB    1568519459.187967234    8921513580
      : Allocated    368 MB    1568519468.251893843    9063926609
      : Allocated    376 MB    1568519477.678845395    9426951552
      : Allocated    384 MB    1568519487.246520928    9567675533
      : Allocated    392 MB    1568519497.243954815    9997433887
      : Allocated    400 MB    1568519507.106606183    9862651368
      : Allocated    408 MB    1568519517.326396609    10219790426
      : Allocated    416 MB    1568519527.691114263    10364717654
      : Allocated    424 MB    1568519538.339515942    10648401679
      : Allocated    432 MB    1568519549.174668598    10835152656
      : Allocated    440 MB    1568519560.184350401    11009681803
      : Allocated    448 MB    1568519571.463170503    11278820102
      : Allocated    456 MB    1568519583.203576327    11740405824
      : Allocated    464 MB    1568519594.854755548    11651179221
      : Allocated    472 MB    1568519606.647953483    11793197935
      : Allocated    480 MB    1568519618.578185161    11930231678
      : Allocated    488 MB    1568519630.795351362    12217166201
      : Allocated    496 MB    1568519643.215556733    12420205371
      : Allocated    504 MB    1568519655.989083505    12773526772
      : Allocated    512 MB    1568519668.773983398    12784899893
FINAL : Allocated 536870912 bytes
END   1568519668.774014785
DELTA 414131849134
TOTAL 414131817747
real 414.24
user 412.53
sys 1.66
