beta$ /usr/bin/time -p ./maxalloc 536870912 262144 262144 2>&1
START 1568520785.342312300
 NOTE : will try to allocate 536870912 bytes of memory.
      : we will use an init allocation of 262144 bytes.
      : with a delta memory allocation of 262144 bytes.
      : Allocated      8 MB    1568520785.539792200    197479900
      : Allocated     16 MB    1568520786.121163200    581371000
      : Allocated     24 MB    1568520787.96577900     975414700
      : Allocated     32 MB    1568520788.321289800    1224711900
      : Allocated     40 MB    1568520789.779181500    1457891700
      : Allocated     48 MB    1568520791.568306500    1789125000
      : Allocated     56 MB    1568520793.683841100    2115534600
      : Allocated     64 MB    1568520796.402295700    2718454600
      : Allocated     72 MB    1568520799.367126300    2964830600
      : Allocated     80 MB    1568520802.610111400    3242985100
      : Allocated     88 MB    1568520806.535250300    3925138900
      : Allocated     96 MB    1568520810.779398600    4244148300
      : Allocated    104 MB    1568520814.860859300    4081460700
      : Allocated    112 MB    1568520819.363189200    4502329900
      : Allocated    120 MB    1568520824.235073300    4871884100
      : Allocated    128 MB    1568520829.616320400    5381247100
      : Allocated    136 MB    1568520835.357121600    5740801200
      : Allocated    144 MB    1568520841.439460300    6082338700
      : Allocated    152 MB    1568520847.834555200    6395094900
      : Allocated    160 MB    1568520854.483333600    6648778400
      : Allocated    168 MB    1568520861.777517800    7294184200
      : Allocated    176 MB    1568520869.354190200    7576672400
      : Allocated    184 MB    1568520876.998731900    7644541700
      : Allocated    192 MB    1568520885.215487700    8216755800
      : Allocated    200 MB    1568520894.113399300    8897911600
      : Allocated    208 MB    1568520903.372191100    9258791800
      : Allocated    216 MB    1568520912.345086500    8972895400
      : Allocated    224 MB    1568520921.593025700    9247939200
      : Allocated    232 MB    1568520930.872410000    9279384300
      : Allocated    240 MB    1568520940.943402500    10070992500
      : Allocated    248 MB    1568520951.685066800    10741664300
      : Allocated    256 MB    1568520963.35632200     11350565400
      : Allocated    264 MB    1568520974.762850000    11727217800
      : Allocated    272 MB    1568520986.234971500    11472121500
      : Allocated    280 MB    1568520998.23011200     11788039700
      : Allocated    288 MB    1568521009.744009900    11720998700
      : Allocated    296 MB    1568521022.600473500    12856463600
      : Allocated    304 MB    1568521036.117140100    13516666600
      : Allocated    312 MB    1568521049.509395700    13392255600
      : Allocated    320 MB    1568521062.956609800    13447214100
      : Allocated    328 MB    1568521077.22018700     14065408900
      : Allocated    336 MB    1568521092.304950100    15282931400
      : Allocated    344 MB    1568521107.66563400     14761613300
      : Allocated    352 MB    1568521122.914591500    15848028100
      : Allocated    360 MB    1568521138.491356400    15576764900
      : Allocated    368 MB    1568521154.392054400    15900698000
      : Allocated    376 MB    1568521170.975644300    16583589900
      : Allocated    384 MB    1568521186.991557700    16015913400
      : Allocated    392 MB    1568521203.590232000    16598674300
      : Allocated    400 MB    1568521221.168329800    17578097800
      : Allocated    408 MB    1568521239.94081300     17925751500
      : Allocated    416 MB    1568521256.411674600    17317593300
      : Allocated    424 MB    1568521274.944364900    18532690300
      : Allocated    432 MB    1568521293.661385700    18717020800
      : Allocated    440 MB    1568521312.747615300    19086229600
      : Allocated    448 MB    1568521331.970070700    19222455400
      : Allocated    456 MB    1568521351.938676000    19968605300
      : Allocated    464 MB    1568521371.500103900    19561427900
      : Allocated    472 MB    1568521392.272400       20500168500
      : Allocated    480 MB    1568521412.246879400    20246607000
      : Allocated    488 MB    1568521433.97565500     20850686100
      : Allocated    496 MB    1568521454.510581300    21413015800
      : Allocated    504 MB    1568521475.786851200    21276269900
      : Allocated    512 MB    1568521497.968968300    22182117100
FINAL : Allocated 536870912 bytes
END   1568521497.969022200
DELTA 712626709900
TOTAL 712626656000
